SF:lib\core\di\setup_locator.dart
DA:11,9
DA:13,0
DA:14,0
DA:15,0
DA:16,0
DA:18,0
DA:19,0
DA:21,0
DA:22,0
DA:23,0
LF:10
LH:1
end_of_record
SF:lib\features\homepage\model\repository\products_repository.dart
DA:4,1
DA:12,1
DA:13,2
DA:17,1
DA:18,2
LF:5
LH:5
end_of_record
SF:lib\features\homepage\di\home_page_injection.dart
DA:6,0
DA:7,0
DA:8,0
DA:9,0
LF:4
LH:0
end_of_record
SF:lib\features\product\di\product_injection.dart
DA:5,0
DA:6,0
LF:2
LH:0
end_of_record
SF:lib\features\wishlist\di\wishlist_injection.dart
DA:7,0
DA:8,0
DA:9,0
LF:3
LH:0
end_of_record
SF:lib\core\factory\http_client.dart
DA:6,0
DA:7,0
LF:2
LH:0
end_of_record
SF:lib\core\factory\local_db.dart
DA:4,0
LF:1
LH:0
end_of_record
SF:lib\core\helpers\l10n_helper.dart
DA:6,0
DA:8,0
LF:2
LH:0
end_of_record
SF:lib\core\impl\dio\dio_impl.dart
DA:8,0
DA:9,0
DA:10,0
DA:14,0
DA:20,0
DA:24,0
LF:6
LH:0
end_of_record
SF:lib\core\impl\database\local_db_impl.dart
DA:6,0
DA:9,0
DA:12,0
DA:15,0
DA:18,0
DA:21,0
DA:24,0
DA:27,0
DA:30,0
DA:33,0
LF:10
LH:0
end_of_record
SF:lib\core\services\navigator_service.dart
DA:4,0
LF:1
LH:0
end_of_record
SF:lib\core\interceptors\logg_interceptor.dart
DA:4,0
DA:5,0
DA:6,0
DA:8,0
DA:9,0
DA:10,0
DA:12,0
DA:14,0
DA:16,0
DA:17,0
DA:19,0
DA:21,0
DA:23,0
DA:24,0
DA:25,0
DA:27,0
LF:16
LH:0
end_of_record
SF:lib\features\homepage\viewmodel\home_vm.dart
DA:8,1
DA:15,2
DA:19,2
DA:23,2
DA:27,2
DA:31,1
DA:32,2
DA:34,2
DA:35,5
DA:36,2
DA:37,3
DA:39,2
DA:41,2
DA:45,1
DA:46,2
DA:48,2
DA:49,2
DA:50,6
DA:52,2
DA:54,2
DA:58,1
DA:59,3
DA:60,3
DA:63,8
DA:66,0
DA:67,0
DA:68,0
DA:69,0
LF:28
LH:24
end_of_record
SF:lib\features\homepage\model\data\product.dart
DA:13,3
DA:23,1
DA:24,1
DA:25,2
DA:26,1
DA:27,2
DA:28,1
DA:29,1
DA:30,1
DA:31,2
DA:35,1
DA:36,1
DA:37,1
DA:38,1
DA:39,1
DA:40,1
DA:41,1
DA:42,1
DA:43,2
DA:47,1
DA:48,1
DA:49,1
DA:50,1
DA:51,1
DA:52,1
DA:53,1
DA:54,1
DA:55,1
DA:56,1
DA:57,1
LF:30
LH:30
end_of_record
SF:lib\features\homepage\model\data\rating.dart
DA:5,3
DA:10,1
DA:11,1
DA:12,2
DA:13,2
DA:17,1
DA:18,1
DA:19,1
DA:20,1
LF:9
LH:9
end_of_record
SF:lib\features\wishlist\model\data\wishlist_item.dart
DA:35,3
DA:47,1
DA:48,1
DA:49,1
DA:50,1
DA:51,1
DA:52,1
DA:53,1
DA:54,1
DA:55,2
DA:56,2
DA:57,1
LF:12
LH:12
end_of_record
SF:lib\features\wishlist\model\data\wishlist_item.g.dart
DA:13,0
DA:15,0
DA:16,0
DA:17,0
DA:19,0
DA:20,0
DA:21,0
DA:22,0
DA:23,0
DA:24,0
DA:25,0
DA:26,0
DA:27,0
DA:28,0
DA:32,0
DA:35,0
DA:36,0
DA:37,0
DA:38,0
DA:39,0
DA:40,0
DA:41,0
DA:42,0
DA:43,0
DA:44,0
DA:45,0
DA:46,0
DA:47,0
DA:48,0
DA:49,0
DA:50,0
DA:51,0
DA:52,0
DA:53,0
DA:56,0
DA:57,0
DA:59,0
DA:62,0
DA:63,0
DA:64,0
LF:40
LH:0
end_of_record
SF:lib\features\product\vm\product_details_vm.dart
DA:8,1
DA:13,2
DA:15,1
DA:16,3
DA:17,2
DA:20,1
DA:21,5
DA:24,0
DA:25,0
LF:9
LH:7
end_of_record
SF:lib\features\wishlist\model\repository\wishlist_repository.dart
DA:7,1
DA:12,4
DA:14,1
DA:15,3
DA:19,1
DA:20,4
DA:23,1
DA:24,3
DA:27,1
DA:28,3
DA:32,1
DA:33,3
LF:12
LH:12
end_of_record
SF:lib\features\wishlist\viewmodel\wishlist_vm.dart
DA:7,1
DA:13,2
DA:15,1
DA:16,2
DA:17,4
DA:18,2
DA:21,1
DA:22,2
DA:23,4
DA:24,2
DA:27,1
DA:28,3
DA:29,2
DA:30,3
DA:31,3
DA:34,0
DA:35,0
LF:17
LH:15
end_of_record
